Log file opened on Tue Sep 15 13:02:13 2015
Host: biopathway.ucmerced.edu  pid: 3965  nodeid: 0  nnodes:  1
The Gromacs distribution was built Mon Apr  6 08:00:17 PDT 2015 by
tconnolly@proline.rcc.ucmerced.edu [CMAKE] (Linux 2.6.32-504.8.1.el6.x86_64 x86_64)


                         :-)  G  R  O  M  A  C  S  (-:

                      GROwing Monsters And Cloning Shrimps

                            :-)  VERSION 4.5.5  (-:

        Written by Emile Apol, Rossen Apostolov, Herman J.C. Berendsen,
      Aldert van Buuren, Pär Bjelkmar, Rudi van Drunen, Anton Feenstra, 
        Gerrit Groenhof, Peter Kasson, Per Larsson, Pieter Meulenhoff, 
           Teemu Murtola, Szilard Pall, Sander Pronk, Roland Schulz, 
                Michael Shirts, Alfons Sijbers, Peter Tieleman,

               Berk Hess, David van der Spoel, and Erik Lindahl.

       Copyright (c) 1991-2000, University of Groningen, The Netherlands.
            Copyright (c) 2001-2010, The GROMACS development team at
        Uppsala University & The Royal Institute of Technology, Sweden.
            check out http://www.gromacs.org for more information.

         This program is free software; you can redistribute it and/or
          modify it under the terms of the GNU General Public License
         as published by the Free Software Foundation; either version 2
             of the License, or (at your option) any later version.

                                :-)  mdrun  (-:


++++ PLEASE READ AND CITE THE FOLLOWING REFERENCE ++++
B. Hess and C. Kutzner and D. van der Spoel and E. Lindahl
GROMACS 4: Algorithms for highly efficient, load-balanced, and scalable
molecular simulation
J. Chem. Theory Comput. 4 (2008) pp. 435-447
-------- -------- --- Thank You --- -------- --------


++++ PLEASE READ AND CITE THE FOLLOWING REFERENCE ++++
D. van der Spoel, E. Lindahl, B. Hess, G. Groenhof, A. E. Mark and H. J. C.
Berendsen
GROMACS: Fast, Flexible and Free
J. Comp. Chem. 26 (2005) pp. 1701-1719
-------- -------- --- Thank You --- -------- --------


++++ PLEASE READ AND CITE THE FOLLOWING REFERENCE ++++
E. Lindahl and B. Hess and D. van der Spoel
GROMACS 3.0: A package for molecular simulation and trajectory analysis
J. Mol. Mod. 7 (2001) pp. 306-317
-------- -------- --- Thank You --- -------- --------


++++ PLEASE READ AND CITE THE FOLLOWING REFERENCE ++++
H. J. C. Berendsen, D. van der Spoel and R. van Drunen
GROMACS: A message-passing parallel molecular dynamics implementation
Comp. Phys. Comm. 91 (1995) pp. 43-56
-------- -------- --- Thank You --- -------- --------

Input Parameters:
   integrator           = md
   nsteps               = 10000
   init_step            = 0
   ns_type              = Grid
   nstlist              = 5
   ndelta               = 2
   nstcomm              = 5
   comm_mode            = Linear
   nstlog               = 500
   nstxout              = 0
   nstvout              = 0
   nstfout              = 0
   nstcalcenergy        = 5
   nstenergy            = 500
   nstxtcout            = 500
   init_t               = 0
   delta_t              = 0.002
   xtcprec              = 1000
   nkx                  = 0
   nky                  = 0
   nkz                  = 0
   pme_order            = 6
   ewald_rtol           = 1e-05
   ewald_geometry       = 0
   epsilon_surface      = 0
   optimize_fft         = TRUE
   ePBC                 = xyz
   bPeriodicMols        = FALSE
   bContinuation        = FALSE
   bShakeSOR            = FALSE
   etc                  = V-rescale
   nsttcouple           = 5
   epc                  = Berendsen
   epctype              = Isotropic
   nstpcouple           = 5
   tau_p                = 1
   ref_p (3x3):
      ref_p[    0]={ 5.00000e+01,  0.00000e+00,  0.00000e+00}
      ref_p[    1]={ 0.00000e+00,  5.00000e+01,  0.00000e+00}
      ref_p[    2]={ 0.00000e+00,  0.00000e+00,  5.00000e+01}
   compress (3x3):
      compress[    0]={ 1.00000e+00,  0.00000e+00,  0.00000e+00}
      compress[    1]={ 0.00000e+00,  1.00000e+00,  0.00000e+00}
      compress[    2]={ 0.00000e+00,  0.00000e+00,  1.00000e+00}
   refcoord_scaling     = No
   posres_com (3):
      posres_com[0]= 0.00000e+00
      posres_com[1]= 0.00000e+00
      posres_com[2]= 0.00000e+00
   posres_comB (3):
      posres_comB[0]= 0.00000e+00
      posres_comB[1]= 0.00000e+00
      posres_comB[2]= 0.00000e+00
   andersen_seed        = 815131
   rlist                = 1
   rlistlong            = 1
   rtpi                 = 0.05
   coulombtype          = Cut-off
   rcoulomb_switch      = 0
   rcoulomb             = 1
   vdwtype              = Cut-off
   rvdw_switch          = 0
   rvdw                 = 1
   epsilon_r            = 1
   epsilon_rf           = 1
   tabext               = 1
   implicit_solvent     = No
   gb_algorithm         = Still
   gb_epsilon_solvent   = 80
   nstgbradii           = 1
   rgbradii             = 2
   gb_saltconc          = 0
   gb_obc_alpha         = 1
   gb_obc_beta          = 0.8
   gb_obc_gamma         = 4.85
   gb_dielectric_offset = 0.009
   sa_algorithm         = Ace-approximation
   sa_surface_tension   = 2.092
   DispCorr             = EnerPres
   free_energy          = no
   init_lambda          = 0
   delta_lambda         = 0
   n_foreign_lambda     = 0
   sc_alpha             = 0
   sc_power             = 0
   sc_sigma             = 0.3
   sc_sigma_min         = 0.3
   nstdhdl              = 10
   separate_dhdl_file   = yes
   dhdl_derivatives     = yes
   dh_hist_size         = 0
   dh_hist_spacing      = 0.1
   nwall                = 0
   wall_type            = 9-3
   wall_atomtype[0]     = -1
   wall_atomtype[1]     = -1
   wall_density[0]      = 0
   wall_density[1]      = 0
   wall_ewald_zfac      = 3
   pull                 = no
   disre                = No
   disre_weighting      = Conservative
   disre_mixed          = FALSE
   dr_fc                = 1000
   dr_tau               = 0
   nstdisreout          = 100
   orires_fc            = 0
   orires_tau           = 0
   nstorireout          = 100
   dihre-fc             = 1000
   em_stepsize          = 0.01
   em_tol               = 10
   niter                = 20
   fc_stepsize          = 0
   nstcgsteep           = 1000
   nbfgscorr            = 10
   ConstAlg             = Lincs
   shake_tol            = 0.0001
   lincs_order          = 4
   lincs_warnangle      = 30
   lincs_iter           = 1
   bd_fric              = 0
   ld_seed              = 1993
   cos_accel            = 0
   deform (3x3):
      deform[    0]={ 0.00000e+00,  0.00000e+00,  0.00000e+00}
      deform[    1]={ 0.00000e+00,  0.00000e+00,  0.00000e+00}
      deform[    2]={ 0.00000e+00,  0.00000e+00,  0.00000e+00}
   userint1             = 0
   userint2             = 0
   userint3             = 0
   userint4             = 0
   userreal1            = 0
   userreal2            = 0
   userreal3            = 0
   userreal4            = 0
grpopts:
   nrdf:        8997
   ref_t:         300
   tau_t:         0.1
anneal:          No
ann_npoints:           0
   acc:	           0           0           0
   nfreeze:           N           N           N
   energygrp_flags[  0]: 0
   efield-x:
      n = 0
   efield-xt:
      n = 0
   efield-y:
      n = 0
   efield-yt:
      n = 0
   efield-z:
      n = 0
   efield-zt:
      n = 0
   bQMMM                = FALSE
   QMconstraints        = 0
   QMMMscheme           = 0
   scalefactor          = 1
qm_opts:
   ngQM                 = 0

Initializing Domain Decomposition on 4 nodes
Dynamic load balancing: auto
Will sort the charge groups at every domain (re)decomposition
Scaling the initial minimum size with 1/0.8 (option -dds) = 1.25
Optimizing the DD grid for 4 cells with a minimum initial size of 0.000 nm
Domain decomposition grid 4 x 1 x 1, separate PME nodes 0
Domain decomposition nodeid 0, coordinates 0 0 0

Table routines are used for coulomb: FALSE
Table routines are used for vdw:     FALSE
Cut-off's:   NS: 1   Coulomb: 1   LJ: 1
Long Range LJ corr.: <C6> 6.2213e-03
System total charge: 0.000
Configuring nonbonded kernels...
Configuring standard C nonbonded kernels...
Testing x86_64 SSE2 support... present.


Removing pbc first time

Linking all bonded interactions to atoms

The initial number of communication pulses is: X 1
The initial domain decomposition cell size is: X 4.24 nm

When dynamic load balancing gets turned on, these settings will change to:
The maximum number of communication pulses is: X 1
The minimum size for domain decomposition cells is 1.000 nm
The requested allowed shrink of DD cells (option -dds) is: 0.80
The allowed shrink of domain decomposition cells is: X 0.24

Making 1D domain decomposition grid 4 x 1 x 1, home cell index 0 0 0

Center of mass motion removal mode is Linear
We have the following groups for center of mass motion removal:
  0:  rest

++++ PLEASE READ AND CITE THE FOLLOWING REFERENCE ++++
G. Bussi, D. Donadio and M. Parrinello
Canonical sampling through velocity rescaling
J. Chem. Phys. 126 (2007) pp. 014101
-------- -------- --- Thank You --- -------- --------

There are: 3000 Atoms
Charge group distribution at step 0: 737 773 758 732
Grid: 5 x 17 x 17 cells
Initial temperature: 299.974 K

Started mdrun on node 0 Tue Sep 15 13:02:14 2015

           Step           Time         Lambda
              0        0.00000        0.00000

   Energies (kJ/mol)
        LJ (SR)  Disper. corr.   Coulomb (SR)      Potential    Kinetic En.
   -4.16331e+02   -2.40787e+01    0.00000e+00   -4.40409e+02    1.12199e+04
   Total Energy    Temperature Pres. DC (bar) Pressure (bar)
    1.07795e+04    2.99975e+02   -1.64197e-01    2.49627e+01


Step 1  Warning: pressure scaling more than 1%, mu: 0.916542 0.916542 0.916542
DD  step 4 load imb.: force 10.8%


Step 6  Warning: pressure scaling more than 1%, mu: 0.963015 0.963015 0.963015
DD  step 499 load imb.: force  4.3%

           Step           Time         Lambda
            500        1.00000        0.00000

   Energies (kJ/mol)
        LJ (SR)  Disper. corr.   Coulomb (SR)      Potential    Kinetic En.
   -8.24999e+02   -4.88724e+01    0.00000e+00   -8.73872e+02    1.12097e+04
   Total Energy    Temperature Pres. DC (bar) Pressure (bar)
    1.03358e+04    2.99701e+02   -6.76437e-01    5.06372e+01

DD  step 999 load imb.: force  3.5%

           Step           Time         Lambda
           1000        2.00000        0.00000

   Energies (kJ/mol)
        LJ (SR)  Disper. corr.   Coulomb (SR)      Potential    Kinetic En.
   -8.83063e+02   -4.81682e+01    0.00000e+00   -9.31231e+02    1.13667e+04
   Total Energy    Temperature Pres. DC (bar) Pressure (bar)
    1.04355e+04    3.03900e+02   -6.57082e-01    5.01022e+01

DD  step 1499 load imb.: force  3.0%

           Step           Time         Lambda
           1500        3.00000        0.00000

   Energies (kJ/mol)
        LJ (SR)  Disper. corr.   Coulomb (SR)      Potential    Kinetic En.
   -8.18728e+02   -4.81849e+01    0.00000e+00   -8.66913e+02    1.12547e+04
   Total Energy    Temperature Pres. DC (bar) Pressure (bar)
    1.03878e+04    3.00906e+02   -6.57539e-01    5.01161e+01

DD  step 1999 load imb.: force  5.6%

           Step           Time         Lambda
           2000        4.00000        0.00000

   Energies (kJ/mol)
        LJ (SR)  Disper. corr.   Coulomb (SR)      Potential    Kinetic En.
   -8.41496e+02   -4.81684e+01    0.00000e+00   -8.89665e+02    1.11017e+04
   Total Energy    Temperature Pres. DC (bar) Pressure (bar)
    1.02120e+04    2.96814e+02   -6.57087e-01    4.96120e+01

DD  step 2499 load imb.: force  2.5%

           Step           Time         Lambda
           2500        5.00000        0.00000

   Energies (kJ/mol)
        LJ (SR)  Disper. corr.   Coulomb (SR)      Potential    Kinetic En.
   -8.67093e+02   -4.83493e+01    0.00000e+00   -9.15442e+02    1.12530e+04
   Total Energy    Temperature Pres. DC (bar) Pressure (bar)
    1.03375e+04    3.00859e+02   -6.62033e-01    5.05417e+01

DD  step 2999 load imb.: force  0.8%

           Step           Time         Lambda
           3000        6.00000        0.00000

   Energies (kJ/mol)
        LJ (SR)  Disper. corr.   Coulomb (SR)      Potential    Kinetic En.
   -8.83252e+02   -4.89053e+01    0.00000e+00   -9.32157e+02    1.10694e+04
   Total Energy    Temperature Pres. DC (bar) Pressure (bar)
    1.01372e+04    2.95951e+02   -6.77347e-01    4.94960e+01

DD  step 3499 load imb.: force  2.0%

           Step           Time         Lambda
           3500        7.00000        0.00000

   Energies (kJ/mol)
        LJ (SR)  Disper. corr.   Coulomb (SR)      Potential    Kinetic En.
   -8.54799e+02   -4.80052e+01    0.00000e+00   -9.02804e+02    1.13342e+04
   Total Energy    Temperature Pres. DC (bar) Pressure (bar)
    1.04314e+04    3.03031e+02   -6.52643e-01    4.98689e+01

DD  step 3999 load imb.: force  3.3%

           Step           Time         Lambda
           4000        8.00000        0.00000

   Energies (kJ/mol)
        LJ (SR)  Disper. corr.   Coulomb (SR)      Potential    Kinetic En.
   -8.68189e+02   -4.90645e+01    0.00000e+00   -9.17253e+02    1.11710e+04
   Total Energy    Temperature Pres. DC (bar) Pressure (bar)
    1.02537e+04    2.98666e+02   -6.81765e-01    5.02695e+01

DD  step 4499 load imb.: force  5.0%

           Step           Time         Lambda
           4500        9.00000        0.00000

   Energies (kJ/mol)
        LJ (SR)  Disper. corr.   Coulomb (SR)      Potential    Kinetic En.
   -9.12973e+02   -4.85696e+01    0.00000e+00   -9.61543e+02    1.14642e+04
   Total Energy    Temperature Pres. DC (bar) Pressure (bar)
    1.05026e+04    3.06505e+02   -6.68081e-01    4.99704e+01

DD  step 4999 load imb.: force  5.3%

           Step           Time         Lambda
           5000       10.00000        0.00000

   Energies (kJ/mol)
        LJ (SR)  Disper. corr.   Coulomb (SR)      Potential    Kinetic En.
   -9.07601e+02   -4.88956e+01    0.00000e+00   -9.56497e+02    1.11993e+04
   Total Energy    Temperature Pres. DC (bar) Pressure (bar)
    1.02428e+04    2.99424e+02   -6.77077e-01    5.03656e+01

DD  step 5499 load imb.: force  4.3%

           Step           Time         Lambda
           5500       11.00000        0.00000

   Energies (kJ/mol)
        LJ (SR)  Disper. corr.   Coulomb (SR)      Potential    Kinetic En.
   -8.65558e+02   -4.82247e+01    0.00000e+00   -9.13782e+02    1.12627e+04
   Total Energy    Temperature Pres. DC (bar) Pressure (bar)
    1.03489e+04    3.01119e+02   -6.58625e-01    5.04755e+01

DD  step 5999 load imb.: force  3.3%

           Step           Time         Lambda
           6000       12.00000        0.00000

   Energies (kJ/mol)
        LJ (SR)  Disper. corr.   Coulomb (SR)      Potential    Kinetic En.
   -9.16820e+02   -4.97603e+01    0.00000e+00   -9.66580e+02    1.12003e+04
   Total Energy    Temperature Pres. DC (bar) Pressure (bar)
    1.02337e+04    2.99451e+02   -7.01239e-01    5.01317e+01

DD  step 6499 load imb.: force 11.5%

           Step           Time         Lambda
           6500       13.00000        0.00000

   Energies (kJ/mol)
        LJ (SR)  Disper. corr.   Coulomb (SR)      Potential    Kinetic En.
   -8.24566e+02   -4.83607e+01    0.00000e+00   -8.72926e+02    1.12777e+04
   Total Energy    Temperature Pres. DC (bar) Pressure (bar)
    1.04048e+04    3.01520e+02   -6.62345e-01    5.04572e+01

DD  step 6999 load imb.: force  5.7%

           Step           Time         Lambda
           7000       14.00000        0.00000

   Energies (kJ/mol)
        LJ (SR)  Disper. corr.   Coulomb (SR)      Potential    Kinetic En.
   -8.59426e+02   -4.80875e+01    0.00000e+00   -9.07513e+02    1.11353e+04
   Total Energy    Temperature Pres. DC (bar) Pressure (bar)
    1.02278e+04    2.97714e+02   -6.54882e-01    4.95600e+01

DD  step 7499 load imb.: force  4.9%

           Step           Time         Lambda
           7500       15.00000        0.00000

   Energies (kJ/mol)
        LJ (SR)  Disper. corr.   Coulomb (SR)      Potential    Kinetic En.
   -8.56696e+02   -4.79441e+01    0.00000e+00   -9.04641e+02    1.12099e+04
   Total Energy    Temperature Pres. DC (bar) Pressure (bar)
    1.03053e+04    2.99708e+02   -6.50982e-01    5.00551e+01

DD  step 7999 load imb.: force 13.8%

           Step           Time         Lambda
           8000       16.00000        0.00000

   Energies (kJ/mol)
        LJ (SR)  Disper. corr.   Coulomb (SR)      Potential    Kinetic En.
   -9.04814e+02   -4.99832e+01    0.00000e+00   -9.54798e+02    1.10920e+04
   Total Energy    Temperature Pres. DC (bar) Pressure (bar)
    1.01372e+04    2.96554e+02   -7.07535e-01    4.92449e+01

DD  step 8499 load imb.: force  7.5%

           Step           Time         Lambda
           8500       17.00000        0.00000

   Energies (kJ/mol)
        LJ (SR)  Disper. corr.   Coulomb (SR)      Potential    Kinetic En.
   -8.66180e+02   -4.84750e+01    0.00000e+00   -9.14655e+02    1.14096e+04
   Total Energy    Temperature Pres. DC (bar) Pressure (bar)
    1.04949e+04    3.05046e+02   -6.65480e-01    4.99357e+01

DD  step 8999 load imb.: force  6.8%

           Step           Time         Lambda
           9000       18.00000        0.00000

   Energies (kJ/mol)
        LJ (SR)  Disper. corr.   Coulomb (SR)      Potential    Kinetic En.
   -9.18474e+02   -5.01022e+01    0.00000e+00   -9.68576e+02    1.12940e+04
   Total Energy    Temperature Pres. DC (bar) Pressure (bar)
    1.03254e+04    3.01956e+02   -7.10907e-01    5.05898e+01

DD  step 9499 load imb.: force  4.0%

           Step           Time         Lambda
           9500       19.00000        0.00000

   Energies (kJ/mol)
        LJ (SR)  Disper. corr.   Coulomb (SR)      Potential    Kinetic En.
   -8.96259e+02   -4.88506e+01    0.00000e+00   -9.45109e+02    1.11508e+04
   Total Energy    Temperature Pres. DC (bar) Pressure (bar)
    1.02057e+04    2.98126e+02   -6.75833e-01    4.97980e+01

DD  step 9999 load imb.: force  3.9%

           Step           Time         Lambda
          10000       20.00000        0.00000

Writing checkpoint, step 10000 at Tue Sep 15 13:04:16 2015


   Energies (kJ/mol)
        LJ (SR)  Disper. corr.   Coulomb (SR)      Potential    Kinetic En.
   -8.79402e+02   -4.86280e+01    0.00000e+00   -9.28030e+02    1.13108e+04
   Total Energy    Temperature Pres. DC (bar) Pressure (bar)
    1.03828e+04    3.02404e+02   -6.69686e-01    5.01707e+01

	<======  ###############  ==>
	<====  A V E R A G E S  ====>
	<==  ###############  ======>

	Statistics over 10001 steps using 2001 frames

   Energies (kJ/mol)
        LJ (SR)  Disper. corr.   Coulomb (SR)      Potential    Kinetic En.
   -8.63692e+02   -4.84810e+01    0.00000e+00   -9.12173e+02    1.12168e+04
   Total Energy    Temperature Pres. DC (bar) Pressure (bar)
    1.03047e+04    2.99893e+02   -6.66168e-01    4.99659e+01

          Box-X          Box-Y          Box-Z
    1.34265e+01    1.34265e+01    1.34265e+01

   Total Virial (kJ/mol)
    9.63922e+01    3.46050e+00   -2.82413e+00
    3.46050e+00    9.88161e+01    9.67992e+00
   -2.82412e+00    9.67994e+00    9.69218e+01

   Pressure (bar)
    4.98360e+01   -2.82384e-01   -8.88884e-02
   -2.82384e-01    5.01158e+01   -1.63880e+00
   -8.88885e-02   -1.63880e+00    4.99458e+01

   Total Dipole (D)
    0.00000e+00    0.00000e+00    0.00000e+00


	M E G A - F L O P S   A C C O U N T I N G

   RF=Reaction-Field  FE=Free Energy  SCFE=Soft-Core/Free Energy
   T=Tabulated        W3=SPC/TIP3p    W4=TIP4p (single or pairs)
   NF=No Forces

 Computing:                               M-Number         M-Flops  % Flops
-----------------------------------------------------------------------------
 LJ                                      78.233489        2581.705    43.9
 Outer nonbonded loop                    28.506539         285.065     4.8
 NS-Pairs                                86.493407        1816.362    30.9
 Reset In Box                             6.003000          18.009     0.3
 CG-CoM                                   6.006000          18.018     0.3
 Virial                                   6.363180         114.537     1.9
 Stop-CM                                  6.003000          60.030     1.0
 P-Coupling                              30.003000         180.018     3.1
 Calc-Ekin                               30.006000         810.162    13.8
-----------------------------------------------------------------------------
 Total                                                    5883.906   100.0
-----------------------------------------------------------------------------


    D O M A I N   D E C O M P O S I T I O N   S T A T I S T I C S

 av. #atoms communicated per step for force:  2 x 903.8

 Average load imbalance: 5.2 %
 Part of the total run time spent waiting due to load imbalance: 0.0 %


     R E A L   C Y C L E   A N D   T I M E   A C C O U N T I N G

 Computing:         Nodes     Number     G-Cycles    Seconds     %
-----------------------------------------------------------------------
 Domain decomp.         4       2001      258.323       98.8    20.1
 DD comm. load          4         21        0.450        0.2     0.0
 Comm. coord.           4      10001      278.186      106.4    21.6
 Neighbor search        4       2001       18.076        6.9     1.4
 Force                  4      10001       10.544        4.0     0.8
 Wait + Comm. F         4      10001      542.933      207.7    42.1
 Write traj.            4         21        3.021        1.2     0.2
 Update                 4      10001        8.505        3.3     0.7
 Comm. energies         4       2002      162.868       62.3    12.6
 Rest                   4                   5.345        2.0     0.4
-----------------------------------------------------------------------
 Total                  4                1288.251      492.9   100.0
-----------------------------------------------------------------------

NOTE: 13 % of the run time was spent communicating energies,
      you might want to use the -gcom option of mdrun


	Parallel run - timing based on wallclock.

               NODE (s)   Real (s)      (%)
       Time:    123.231    123.231    100.0
                       2:03
               (Mnbf/s)   (MFlops)   (ns/day)  (hour/ns)
Performance:      0.635     47.747     14.024      1.711
Finished mdrun on node 0 Tue Sep 15 13:04:17 2015
