1 0.0 0
2 1.38629436112 0
3 2.19722457734 0
4 2.77258872224 0
5 3.21887582487 0
6 3.58351893846 0
7 3.89182029811 0
8 4.15888308336 0
9 4.39444915467 0
10 4.60517018599 0
11 4.7957905456 0
12 4.96981329958 0
13 5.12989871492 0
14 5.27811465923 0
15 5.4161004022 0
16 5.54517744448 0
17 5.66642668811 0
18 5.78074351579 0
19 5.88887795833 0
20 5.99146454711 0
21 6.08904487545 0
22 6.18208490672 0
23 6.27098843186 0
24 6.3561076607 0
25 6.43775164974 0
26 6.51619307604 0
27 6.59167373201 0
28 6.66440902035 0.0
29 6.73459165997 0.69314718056
30 6.80239476332 1.09861228867
31 6.86797440897 1.38629436112
32 6.9314718056 1.60943791243
33 6.99301512293 1.79175946923
34 7.05272104923 1.94591014906
35 7.11069612298 2.07944154168
36 7.16703787691 2.19722457734
37 7.22183582529 2.30258509299
